{"/Users/user/Documents/qa_test/utils/dataHandlers.ts": {"path":"/Users/user/Documents/qa_test/utils/dataHandlers.ts","statementMap":{"0":{"start":{"line":1,"column":0},"end":{"line":1,"column":7}},"1":{"start":{"line":5,"column":0},"end":{"line":5,"column":7}},"2":{"start":{"line":2,"column":2},"end":{"line":2,"column":31}},"3":{"start":{"line":6,"column":2},"end":{"line":6,"column":31}}},"fnMap":{"0":{"name":"parseCSVFromBank","decl":{"start":{"line":1,"column":22},"end":{"line":1,"column":38}},"loc":{"start":{"line":1,"column":38},"end":{"line":3,"column":1}}},"1":{"name":"uploadToGoogleSheet","decl":{"start":{"line":5,"column":22},"end":{"line":5,"column":41}},"loc":{"start":{"line":5,"column":53},"end":{"line":7,"column":1}}}},"branchMap":{},"s":{"0":1,"1":1,"2":5,"3":1},"f":{"0":5,"1":1},"b":{}}
,"/Users/user/Documents/qa_test/utils/leddiServices.ts": {"path":"/Users/user/Documents/qa_test/utils/leddiServices.ts","statementMap":{"0":{"start":{"line":1,"column":0},"end":{"line":1,"column":7}},"1":{"start":{"line":9,"column":0},"end":{"line":9,"column":7}},"2":{"start":{"line":13,"column":0},"end":{"line":13,"column":7}},"3":{"start":{"line":4,"column":2},"end":{"line":6,"column":4}},"4":{"start":{"line":5,"column":22},"end":{"line":5,"column":73}},"5":{"start":{"line":10,"column":2},"end":{"line":10,"column":43}},"6":{"start":{"line":14,"column":2},"end":{"line":14,"column":35}}},"fnMap":{"0":{"name":"identifyAcquireIds","decl":{"start":{"line":1,"column":22},"end":{"line":1,"column":40}},"loc":{"start":{"line":2,"column":13},"end":{"line":7,"column":1}}},"1":{"name":"(anonymous_1)","decl":{"start":{"line":5,"column":13},"end":{"line":5,"column":14}},"loc":{"start":{"line":5,"column":22},"end":{"line":5,"column":73}}},"2":{"name":"getCustomerByAcquireId","decl":{"start":{"line":9,"column":22},"end":{"line":9,"column":44}},"loc":{"start":{"line":9,"column":55},"end":{"line":11,"column":1}}},"3":{"name":"allocateFunds","decl":{"start":{"line":13,"column":22},"end":{"line":13,"column":35}},"loc":{"start":{"line":13,"column":63},"end":{"line":15,"column":1}}}},"branchMap":{},"s":{"0":1,"1":1,"2":1,"3":5,"4":8,"5":4,"6":2},"f":{"0":5,"1":8,"2":4,"3":2},"b":{}}
,"/Users/user/Documents/qa_test/utils/notifications.ts": {"path":"/Users/user/Documents/qa_test/utils/notifications.ts","statementMap":{"0":{"start":{"line":4,"column":0},"end":{"line":4,"column":7}},"1":{"start":{"line":1,"column":0},"end":{"line":1,"column":36}},"2":{"start":{"line":2,"column":0},"end":{"line":2,"column":31}},"3":{"start":{"line":5,"column":18},"end":{"line":5,"column":77}},"4":{"start":{"line":7,"column":2},"end":{"line":11,"column":5}},"5":{"start":{"line":13,"column":22},"end":{"line":19,"column":4}},"6":{"start":{"line":21,"column":2},"end":{"line":26,"column":5}}},"fnMap":{"0":{"name":"notifyFailure","decl":{"start":{"line":4,"column":22},"end":{"line":4,"column":35}},"loc":{"start":{"line":4,"column":63},"end":{"line":27,"column":1}}}},"branchMap":{"0":{"loc":{"start":{"line":5,"column":42},"end":{"line":5,"column":75}},"type":"binary-expr","locations":[{"start":{"line":5,"column":42},"end":{"line":5,"column":55}},{"start":{"line":5,"column":59},"end":{"line":5,"column":75}}]}},"s":{"0":1,"1":1,"2":1,"3":0,"4":0,"5":0,"6":0},"f":{"0":0},"b":{"0":[0,0]}}
}
