TN:
SF:utils/dataHandlers.ts
FN:1,parseCSVFromBank
FN:5,uploadToGoogleSheet
FNF:2
FNH:2
FNDA:5,parseCSVFromBank
FNDA:1,uploadToGoogleSheet
DA:1,1
DA:2,5
DA:5,1
DA:6,1
LF:4
LH:4
BRF:0
BRH:0
end_of_record
TN:
SF:utils/leddiServices.ts
FN:1,identifyAcquireIds
FN:5,(anonymous_1)
FN:9,getCustomerByAcquireId
FN:13,allocateFunds
FNF:4
FNH:4
FNDA:5,identifyAcquireIds
FNDA:8,(anonymous_1)
FNDA:4,getCustomerByAcquireId
FNDA:2,allocateFunds
DA:1,1
DA:4,5
DA:5,8
DA:9,1
DA:10,4
DA:13,1
DA:14,2
LF:7
LH:7
BRF:0
BRH:0
end_of_record
TN:
SF:utils/notifications.ts
FN:4,notifyFailure
FNF:1
FNH:0
FNDA:0,notifyFailure
DA:1,1
DA:2,1
DA:4,1
DA:5,0
DA:7,0
DA:13,0
DA:21,0
LF:7
LH:3
BRDA:5,0,0,0
BRDA:5,0,1,0
BRF:2
BRH:0
end_of_record
